<?xml version="1.0" encoding="UTF-8" standalone="no"?>
<testsuite errors="0" failures="1" name="io.cucumber.core.plugin.JUnitFormatter" skipped="0" tests="1" time="4.813">
    <testcase classname="Checking Login &amp; Logout Functionalities of Swag Labs" name="EndToEnd Testing Swag Labs Functionalities" time="4.471">
        <failure message="Step [User should Enter the URL in Browser] is defined with 1 parameters at 'StepDefination.TestCaseDesignSteps.user_should_enter_url_in_search_box(java.lang.String)'.&#10;However, the gherkin step has 0 arguments.&#10;Step text: User should Enter the URL in Browser" type="io.cucumber.core.exception.CucumberException"><![CDATA[Given User should open Chrome browser.......................................passed
When User should Enter the URL in Browser...................................failed
When User should Navigate Home pages........................................skipped
And User should Enter the username and password in edit box.................skipped
And Click on Login PushButton...............................................skipped
Then Message displayed Swag Labs successfully...............................skipped
Then Place handover on Sauce Labs backpack item and click...................skipped
Then Click on add to cart PushButton........................................skipped
Then Click on continue Shopping PushButton..................................skipped
And User should Place handover on Sauce Labs bike Light item................skipped
And Click on Add To Cart PushButton.........................................skipped
And Click on Checkout.......................................................skipped
Then User should Quit Swag Labs Application.................................skipped

StackTrace:
io.cucumber.core.exception.CucumberException: Step [User should Enter the URL in Browser] is defined with 1 parameters at 'StepDefination.TestCaseDesignSteps.user_should_enter_url_in_search_box(java.lang.String)'.
However, the gherkin step has 0 arguments.
Step text: User should Enter the URL in Browser
	at io.cucumber.core.runner.PickleStepDefinitionMatch.arityMismatch(PickleStepDefinitionMatch.java:83)
	at io.cucumber.core.runner.PickleStepDefinitionMatch.runStep(PickleStepDefinitionMatch.java:42)
	at io.cucumber.core.runner.ExecutionMode$1.execute(ExecutionMode.java:10)
	at io.cucumber.core.runner.TestStep.executeStep(TestStep.java:92)
	at io.cucumber.core.runner.TestStep.run(TestStep.java:64)
	at io.cucumber.core.runner.PickleStepTestStep.run(PickleStepTestStep.java:51)
	at io.cucumber.core.runner.TestCase.run(TestCase.java:104)
	at io.cucumber.core.runner.Runner.runPickle(Runner.java:71)
	at io.cucumber.junit.PickleRunners$NoStepDescriptions.run(PickleRunners.java:151)
	at io.cucumber.junit.FeatureRunner.runChild(FeatureRunner.java:135)
	at io.cucumber.junit.FeatureRunner.runChild(FeatureRunner.java:27)
	at org.junit.runners.ParentRunner$4.run(ParentRunner.java:331)
	at org.junit.runners.ParentRunner$1.schedule(ParentRunner.java:79)
	at org.junit.runners.ParentRunner.runChildren(ParentRunner.java:329)
	at org.junit.runners.ParentRunner.access$100(ParentRunner.java:66)
	at org.junit.runners.ParentRunner$2.evaluate(ParentRunner.java:293)
	at org.junit.runners.ParentRunner$3.evaluate(ParentRunner.java:306)
	at org.junit.runners.ParentRunner.run(ParentRunner.java:413)
	at io.cucumber.junit.Cucumber.runChild(Cucumber.java:199)
	at io.cucumber.junit.Cucumber.runChild(Cucumber.java:90)
	at org.junit.runners.ParentRunner$4.run(ParentRunner.java:331)
	at org.junit.runners.ParentRunner$1.schedule(ParentRunner.java:79)
	at org.junit.runners.ParentRunner.runChildren(ParentRunner.java:329)
	at org.junit.runners.ParentRunner.access$100(ParentRunner.java:66)
	at org.junit.runners.ParentRunner$2.evaluate(ParentRunner.java:293)
	at io.cucumber.junit.Cucumber$RunCucumber.evaluate(Cucumber.java:234)
	at org.junit.runners.ParentRunner$3.evaluate(ParentRunner.java:306)
	at org.junit.runners.ParentRunner.run(ParentRunner.java:413)
	at org.eclipse.jdt.internal.junit4.runner.JUnit4TestReference.run(JUnit4TestReference.java:93)
	at org.eclipse.jdt.internal.junit.runner.TestExecution.run(TestExecution.java:40)
	at org.eclipse.jdt.internal.junit.runner.RemoteTestRunner.runTests(RemoteTestRunner.java:520)
	at org.eclipse.jdt.internal.junit.runner.RemoteTestRunner.runTests(RemoteTestRunner.java:748)
	at org.eclipse.jdt.internal.junit.runner.RemoteTestRunner.run(RemoteTestRunner.java:443)
	at org.eclipse.jdt.internal.junit.runner.RemoteTestRunner.main(RemoteTestRunner.java:211)
]]></failure>
    </testcase>
</testsuite>
